<?xml version="1.0" encoding="UTF-8"?>
<!-- Generated by org.testng.reporters.JUnitReportReporter -->
<testsuite hostname="BDC4B-D-9XZM882" name="testSelActions.TestActionsFB" tests="1" failures="0" timestamp="26 Feb 2019 04:40:44 GMT" time="9.010" errors="0">
  <testcase name="TestAction" time="9.010" classname="testSelActions.TestActionsFB"/>
</testsuite> <!-- testSelActions.TestActionsFB -->
