<?xml version="1.0" encoding="UTF-8"?>
<!-- Generated by org.testng.reporters.JUnitReportReporter -->
<testsuite hostname="BDC4B-D-9XZM882" name="testPackage.NewTest" tests="1" failures="0" timestamp="27 Feb 2019 03:43:10 GMT" time="9.228" errors="0">
  <testcase name="test1" time="9.228" classname="testPackage.NewTest"/>
</testsuite> <!-- testPackage.NewTest -->
