<?xml version="1.0" encoding="UTF-8"?>
<!-- Generated by org.testng.reporters.JUnitReportReporter -->
<testsuite hostname="BDC4B-D-9XZM882" name="testPackage.NewTest" tests="1" failures="0" timestamp="26 Feb 2019 07:55:15 GMT" time="22.459" errors="0">
  <testcase name="test1" time="22.459" classname="testPackage.NewTest"/>
</testsuite> <!-- testPackage.NewTest -->
